#! /usr/bin/vvp
:ivl_version "10.3 (stable)";
:ivl_delay_selection "TYPICAL";
:vpi_time_precision + 0;
:vpi_module "system";
:vpi_module "vhdl_sys";
:vpi_module "v2005_math";
:vpi_module "va_math";
S_0x5638ccb7f0d0 .scope module, "mainMemory" "mainMemory" 2 1;
 .timescale 0 0;
P_0x5638ccb7f250 .param/l "nWords" 0 2 4, +C4<00000000000000000000000000010000>;
P_0x5638ccb7f290 .param/l "sWord" 0 2 6, +C4<00000000000000000000000000100000>;
P_0x5638ccb7f2d0 .param/l "size" 0 2 2, +C4<00000001000000000000000000000000>;
v0x5638ccbc4c00 .array "memory", 0 16777215, 511 0;
S_0x5638ccb92860 .scope task, "initialize" "initialize" 2 11, 2 11 0, S_0x5638ccb7f0d0;
 .timescale 0 0;
v0x5638ccb90e60_0 .var/i "i", 31 0;
v0x5638ccbc4b20_0 .var/i "j", 31 0;
TD_mainMemory.initialize ;
    %pushi/vec4 0, 0, 32;
    %store/vec4 v0x5638ccb90e60_0, 0, 32;
T_0.0 ;
    %load/vec4 v0x5638ccb90e60_0;
    %cmpi/s 16777216, 0, 32;
    %jmp/0xz T_0.1, 5;
    %pushi/vec4 0, 0, 32;
    %store/vec4 v0x5638ccbc4b20_0, 0, 32;
T_0.2 ;
    %load/vec4 v0x5638ccb90e60_0;
    %cmpi/s 16, 0, 32;
    %jmp/0xz T_0.3, 5;
    %vpi_func 2 15 "$random" 32 {0 0 0};
    %ix/getv/s 4, v0x5638ccb90e60_0;
    %flag_mov 8, 4;
    %load/vec4 v0x5638ccbc4b20_0;
    %pad/s 37;
    %muli 32, 0, 37;
    %ix/vec4/s 5;
    %flag_or 4, 8;
    %store/vec4a v0x5638ccbc4c00, 4, 5;
    %load/vec4 v0x5638ccbc4b20_0;
    %addi 1, 0, 32;
    %store/vec4 v0x5638ccbc4b20_0, 0, 32;
    %jmp T_0.2;
T_0.3 ;
    %load/vec4 v0x5638ccb90e60_0;
    %addi 1, 0, 32;
    %store/vec4 v0x5638ccb90e60_0, 0, 32;
    %jmp T_0.0;
T_0.1 ;
    %end;
# The file index is used to find the file name in the following table.
:file_names 3;
    "N/A";
    "<interactive>";
    "mainMemory.v";
